[debug] [2021-10-06T21:06:49.100Z] ----------------------------------------------------------------------
[debug] [2021-10-06T21:06:49.125Z] Command:       C:\Program Files (x86)\nodejs\node.exe C:\Users\Shivam\AppData\Roaming\npm\node_modules\firebase-tools\lib\bin\firebase.js init
[debug] [2021-10-06T21:06:49.126Z] CLI Version:   9.18.0
[debug] [2021-10-06T21:06:49.127Z] Platform:      win32
[debug] [2021-10-06T21:06:49.127Z] Node Version:  v14.17.0
[debug] [2021-10-06T21:06:49.286Z] Time:          Thu Oct 07 2021 02:36:49 GMT+0530 (India Standard Time)
[debug] [2021-10-06T21:06:49.287Z] ----------------------------------------------------------------------
[debug] 
[debug] [2021-10-06T21:06:49.308Z] >>> [apiv2][query] GET https://firebase-public.firebaseio.com/cli.json [none]
[debug] [2021-10-06T21:06:49.464Z] > command requires scopes: ["email","openid","https://www.googleapis.com/auth/cloudplatformprojects.readonly","https://www.googleapis.com/auth/firebase","https://www.googleapis.com/auth/cloud-platform"]
[debug] [2021-10-06T21:06:49.465Z] > authorizing via signed-in user (shivamtripathi159@gmail.com)
[info] 
     ######## #### ########  ######## ########     ###     ######  ########
     ##        ##  ##     ## ##       ##     ##  ##   ##  ##       ##
     ######    ##  ########  ######   ########  #########  ######  ######
     ##        ##  ##    ##  ##       ##     ## ##     ##       ## ##
     ##       #### ##     ## ######## ########  ##     ##  ######  ########

You're about to initialize a Firebase project in this directory:

  D:\newreact_app\LinkedIn\linkedin

[debug] [2021-10-06T21:06:50.967Z] <<< [apiv2][status] GET https://firebase-public.firebaseio.com/cli.json 200
[debug] [2021-10-06T21:06:50.968Z] <<< [apiv2][body] GET https://firebase-public.firebaseio.com/cli.json {"cloudBuildErrorAfter":1594252800000,"cloudBuildWarnAfter":1590019200000,"defaultNode10After":1594252800000,"minVersion":"3.0.5","node8DeploysDisabledAfter":1613390400000,"node8RuntimeDisabledAfter":1615809600000,"node8WarnAfter":1600128000000}
